This is pdfTeX, Version 3.1415926-1.40.10 (TeX Live 2009/Debian) (format=pdflatex 2017.1.8)  19 FEB 2018 15:52
entering extended mode
 %&-line parsing enabled.
**new.tex
(./new.tex
LaTeX2e <2009/09/24>
Babel <v3.8l> and hyphenation patterns for english, usenglishmax, dumylang, noh
yphenation, farsi, arabic, croatian, bulgarian, ukrainian, russian, czech, slov
ak, danish, dutch, finnish, french, basque, ngerman, german, german-x-2009-06-1
9, ngerman-x-2009-06-19, ibycus, monogreek, greek, ancientgreek, hungarian, san
skrit, italian, latin, latvian, lithuanian, mongolian2a, mongolian, bokmal, nyn
orsk, romanian, irish, coptic, serbian, turkish, welsh, esperanto, uppersorbian
, estonian, indonesian, interlingua, icelandic, kurmanji, slovenian, polish, po
rtuguese, spanish, galician, catalan, swedish, ukenglish, pinyin, loaded.
(./sig-alternate.cls (/usr/share/texmf-texlive/tex/latex/graphics/epsfig.sty
Package: epsfig 1999/02/16 v1.7a (e)psfig emulation (SPQR)

(/usr/share/texmf-texlive/tex/latex/graphics/graphicx.sty
Package: graphicx 1999/02/16 v1.0f Enhanced LaTeX Graphics (DPC,SPQR)

(/usr/share/texmf-texlive/tex/latex/graphics/keyval.sty
Package: keyval 1999/03/16 v1.13 key=value parser (DPC)
\KV@toks@=\toks14
)
(/usr/share/texmf-texlive/tex/latex/graphics/graphics.sty
Package: graphics 2009/02/05 v1.0o Standard LaTeX Graphics (DPC,SPQR)

(/usr/share/texmf-texlive/tex/latex/graphics/trig.sty
Package: trig 1999/03/16 v1.09 sin cos tan (DPC)
)
(/etc/texmf/tex/latex/config/graphics.cfg
File: graphics.cfg 2009/08/28 v1.8 graphics configuration of TeX Live
)
Package graphics Info: Driver file: pdftex.def on input line 91.

(/usr/share/texmf-texlive/tex/latex/pdftex-def/pdftex.def
File: pdftex.def 2010/03/12 v0.04p Graphics/color for pdfTeX
\Gread@gobject=\count79
))
\Gin@req@height=\dimen102
\Gin@req@width=\dimen103
)
\epsfxsize=\dimen104
\epsfysize=\dimen105
)
(/usr/share/texmf-texlive/tex/latex/amsfonts/amssymb.sty
Package: amssymb 2009/06/22 v3.00

(/usr/share/texmf-texlive/tex/latex/amsfonts/amsfonts.sty
Package: amsfonts 2009/06/22 v3.00 Basic AMSFonts support
\@emptytoks=\toks15
\symAMSa=\mathgroup4
\symAMSb=\mathgroup5
LaTeX Font Info:    Overwriting math alphabet `\mathfrak' in version `bold'
(Font)                  U/euf/m/n --> U/euf/b/n on input line 96.
))
(/usr/share/texmf-texlive/tex/latex/amsmath/amsmath.sty
Package: amsmath 2000/07/18 v2.13 AMS math features
\@mathmargin=\skip41

For additional information on amsmath, use the `?' option.
(/usr/share/texmf-texlive/tex/latex/amsmath/amstext.sty
Package: amstext 2000/06/29 v2.01

(/usr/share/texmf-texlive/tex/latex/amsmath/amsgen.sty
File: amsgen.sty 1999/11/30 v2.0
\@emptytoks=\toks16
\ex@=\dimen106
))
(/usr/share/texmf-texlive/tex/latex/amsmath/amsbsy.sty
Package: amsbsy 1999/11/29 v1.2d
\pmbraise@=\dimen107
)
(/usr/share/texmf-texlive/tex/latex/amsmath/amsopn.sty
Package: amsopn 1999/12/14 v2.01 operator names
)
\inf@bad=\count80
LaTeX Info: Redefining \frac on input line 211.
\uproot@=\count81
\leftroot@=\count82
LaTeX Info: Redefining \overline on input line 307.
\classnum@=\count83
\DOTSCASE@=\count84
LaTeX Info: Redefining \ldots on input line 379.
LaTeX Info: Redefining \dots on input line 382.
LaTeX Info: Redefining \cdots on input line 467.
\Mathstrutbox@=\box26
\strutbox@=\box27
\big@size=\dimen108
LaTeX Font Info:    Redeclaring font encoding OML on input line 567.
LaTeX Font Info:    Redeclaring font encoding OMS on input line 568.
\macc@depth=\count85
\c@MaxMatrixCols=\count86
\dotsspace@=\muskip10
\c@parentequation=\count87
\dspbrk@lvl=\count88
\tag@help=\toks17
\row@=\count89
\column@=\count90
\maxfields@=\count91
\andhelp@=\toks18
\eqnshift@=\dimen109
\alignsep@=\dimen110
\tagshift@=\dimen111
\tagwidth@=\dimen112
\totwidth@=\dimen113
\lineht@=\dimen114
\@envbody=\toks19
\multlinegap=\skip42
\multlinetaggap=\skip43
\mathdisplay@stack=\toks20
LaTeX Info: Redefining \[ on input line 2666.
LaTeX Info: Redefining \] on input line 2667.
)
Document Class 'sig-alternate' <22nd. April '09>. Modified by G.K.M. Tobin/Gerr
y Murray
Based in part upon document Style `acmconf' <22 May 89>. Hacked 4/91 by
shivers@cs.cmu.edu, 4/93 by theobald@cs.mcgill.ca
Excerpts were taken from (Journal Style) 'esub2acm.cls'.
****** Bugs/comments/suggestions/technicalities to Gerry Murray -- murray@hq.ac
m.org ******
Questions on the style, SIGS policies, etc. to Adrienne Griscti griscti@acm.org

\footheight=\dimen115
\@maxsep=\dimen116
\@dblmaxsep=\dimen117
\aucount=\count92
\originalaucount=\count93
\auwidth=\dimen118
\auskip=\dimen119
\auskipcount=\count94
\auskip=\dimen120
\allauboxes=\dimen121
\addauthors=\toks21
\addauflag=\count95
\subtitletext=\toks22
\savesection=\count96
\sectioncntr=\count97
\c@figure=\count98
\c@table=\count99
\titleboxnotes=\toks23
\titleboxnoteflag=\count100
Document Class: sig-alternate 2009/04/22 - V2.4 - based on acmproc.cls V1.3 <No
v. 30 '99>
(/usr/share/texmf-texlive/tex/latex/base/latexsym.sty
Package: latexsym 1998/08/17 v2.2e Standard LaTeX package (lasy symbols)
\symlasy=\mathgroup6
LaTeX Font Info:    Overwriting symbol font `lasy' in version `bold'
(Font)                  U/lasy/m/n --> U/lasy/b/n on input line 47.
)
\@acmtitlebox=\box28
\titlenotecount=\count101
\tntoks=\toks24
\tntokstwo=\toks25
\tntoksthree=\toks26
\tntoksfour=\toks27
\tntoksfive=\toks28
\catcount=\count102
\copyrightnotice=\toks29
\conf=\toks30
\confinfo=\toks31
\c@part=\count103
\c@section=\count104
\c@subsection=\count105
\c@subsubsection=\count106
\c@paragraph=\count107

Using 'Abbrev' bibliography style
LaTeX Info: Redefining \cite on input line 1211.
\bibindent=\dimen122
\colcntr=\count108
\saveb@x=\box29
\copyrtyr=\toks32
\acmcopyr=\toks33
\boilerplate=\toks34
\copyrightetc=\toks35
(/usr/share/texmf-texlive/tex/latex/base/fontenc.sty
Package: fontenc 2005/09/27 v1.99g Standard LaTeX package

(/usr/share/texmf-texlive/tex/latex/base/t1enc.def
File: t1enc.def 2005/09/27 v1.99g Standard LaTeX file
LaTeX Font Info:    Redeclaring font encoding T1 on input line 43.
)
LaTeX Font Info:    Try loading font information for T1+aer on input line 100.

(/usr/share/texmf-texlive/tex/latex/ae/t1aer.fd
File: t1aer.fd 1997/11/16 Font definitions for T1/aer.
)))
(/usr/share/texmf-texlive/tex/latex/carlisle/blkarray.sty
\c@BAenumi=\count109
\BA@col=\count110
\BA@block@cnt=\count111
\BA@final@box=\box30
\BA@colsep=\dimen123
\BA@ftn=\toks36
\BAextrarowheight=\dimen124
\BAextraheightafterhline=\dimen125
\BAarrayrulewidth=\dimen126
\BAdoublerulesep=\dimen127
\BAfootskip=\dimen128
\BA@dashbox=\box31
\BA@ddashbox=\box32
) (./new.aux

LaTeX Warning: Label `fig:figure1' multiply defined.

)
\openout1 = `new.aux'.

LaTeX Font Info:    Checking defaults for OML/cmm/m/it on input line 9.
LaTeX Font Info:    ... okay on input line 9.
LaTeX Font Info:    Checking defaults for T1/cmr/m/n on input line 9.
LaTeX Font Info:    ... okay on input line 9.
LaTeX Font Info:    Checking defaults for OT1/cmr/m/n on input line 9.
LaTeX Font Info:    ... okay on input line 9.
LaTeX Font Info:    Checking defaults for OMS/cmsy/m/n on input line 9.
LaTeX Font Info:    ... okay on input line 9.
LaTeX Font Info:    Checking defaults for OMX/cmex/m/n on input line 9.
LaTeX Font Info:    ... okay on input line 9.
LaTeX Font Info:    Checking defaults for U/cmr/m/n on input line 9.
LaTeX Font Info:    ... okay on input line 9.
 (/usr/share/texmf-texlive/tex/context/base/supp-pdf.mkii
[Loading MPS to PDF converter (version 2006.09.02).]
\scratchcounter=\count112
\scratchdimen=\dimen129
\scratchbox=\box33
\nofMPsegments=\count113
\nofMParguments=\count114
\everyMPshowfont=\toks37
\MPscratchCnt=\count115
\MPscratchDim=\dimen130
\MPnumerator=\count116
\everyMPtoPDFconversion=\toks38
)
LaTeX Font Info:    Try loading font information for U+msa on input line 61.
 (/usr/share/texmf-texlive/tex/latex/amsfonts/umsa.fd
File: umsa.fd 2009/06/22 v3.00 AMS symbols A
)
LaTeX Font Info:    Try loading font information for U+msb on input line 61.

(/usr/share/texmf-texlive/tex/latex/amsfonts/umsb.fd
File: umsb.fd 2009/06/22 v3.00 AMS symbols B
)
LaTeX Font Info:    Try loading font information for U+lasy on input line 61.

(/usr/share/texmf-texlive/tex/latex/base/ulasy.fd
File: ulasy.fd 1998/08/17 v2.2e LaTeX symbol font definitions
)
Underfull \hbox (badness 10000) in paragraph at lines 77--78

 []


LaTeX Warning: Citation `arnol πd2012geometrical' on page \thepage  undefined o
n input line 80.

<images/image1.jpg, id=1, 363.3575pt x 243.91125pt>
File: images/image1.jpg Graphic file (type jpg)
 <use images/image1.jpg>
Overfull \hbox (12.00682pt too wide) in paragraph at lines 90--91
[][] 
 []


LaTeX Warning: `h' float specifier changed to `ht'.


Underfull \vbox (badness 10000) has occurred while \output is active []

 [1{/var/lib/texmf/fonts/map/pdftex/updmap/pdftex.map}


]

LaTeX Warning: Citation `butcher1987numerical' on page \thepage  undefined on i
nput line 102.


LaTeX Warning: Citation `economou1983green' on page \thepage  undefined on inpu
t line 102.


LaTeX Warning: Citation `fassas2002hematopoietic' on page \thepage  undefined o
n input line 102.


Overfull \hbox (2.35294pt too wide) in paragraph at lines 102--103
\T1/aer/m/n/9 works on video se-lec-tion in a lec-ture broad-cast and video str
eam-
 []


Underfull \hbox (badness 10000) in paragraph at lines 113--114

 []


LaTeX Warning: Citation `piron1976foundations' on page \thepage  undefined on i
nput line 115.


LaTeX Warning: Citation `talay1994numerical' on page \thepage  undefined on inp
ut line 115.


LaTeX Warning: Citation `coddington1955theory' on page \thepage  undefined on i
nput line 117.


LaTeX Warning: Citation `shampine1975computer' on page \thepage  undefined on i
nput line 117.


LaTeX Warning: Citation `carter2007ceramic' on page \thepage  undefined on inpu
t line 119.


LaTeX Warning: Citation `frakes1992information' on page \thepage  undefined on 
input line 119.


LaTeX Warning: Citation `clayton1987materials' on page \thepage  undefined on i
nput line 126.


LaTeX Warning: Citation `paddle2006effect' on page \thepage  undefined on input
 line 127.


LaTeX Warning: Citation `wyszecki1982color' on page \thepage  undefined on inpu
t line 128.


Overfull \hbox (14.22487pt too wide) in paragraph at lines 124--135
 [][] 
 []


LaTeX Warning: Citation `paddle2006effect' on page \thepage  undefined on input
 line 137.

[2 <./images/image1.jpg>]

LaTeX Warning: Citation `economou1983green' on page \thepage  undefined on inpu
t line 139.


LaTeX Warning: Citation `wyszecki1982color' on page \thepage  undefined on inpu
t line 139.


LaTeX Warning: Citation `piron1976foundations' on page \thepage  undefined on i
nput line 154.

<images/image2.jpg, id=17, 429.605pt x 279.0425pt>
File: images/image2.jpg Graphic file (type jpg)
 <use images/image2.jpg>
Overfull \hbox (12.00557pt too wide) in paragraph at lines 156--157
[][] 
 []


Overfull \hbox (7.16777pt too wide) in paragraph at lines 154--160
\T1/aer/m/n/9 sharp-ness,contrast,illumination,and block-i-ness(due to video
 []


LaTeX Warning: `h' float specifier changed to `ht'.


Overfull \hbox (1.58656pt too wide) in paragraph at lines 162--163
\T1/aer/m/n/9 from same per-spec-tive, mo-bile users gen-er-ally shoot videos
 []

[3 <./images/image2.jpg>]

LaTeX Warning: Citation `frakes1992information' on page \thepage  undefined on 
input line 188.


Overfull \hbox (12.32747pt too wide) detected at line 212
\OML/cmm/m/it/9 I[]\OT1/cmr/m/n/9 (\OML/cmm/m/it/9 x[]; y[]\OT1/cmr/m/n/9 ) = [
]
 []


Overfull \hbox (28.1377pt too wide) in paragraph at lines 215--216
\T1/aer/m/n/9 gions in the non-occluded area as well. These re-gions,however,ar
e
 []

Missing character: There is no ‚ in font cmr6!
Missing character: There is no à in font cmr6!
Missing character: There is no í in font cmr6!
<images/image3.jpg, id=21, 395.4775pt x 362.35374pt>
File: images/image3.jpg Graphic file (type jpg)
 <use images/image3.jpg>
Overfull \hbox (12.00302pt too wide) in paragraph at lines 235--237
[][] 
 []


LaTeX Warning: `h' float specifier changed to `ht'.

[4]

LaTeX Warning: Citation `wyszecki1982color' on page \thepage  undefined on inpu
t line 253.

<images/image4.jpg, id=32, 399.4925pt x 344.28625pt>
File: images/image4.jpg Graphic file (type jpg)
 <use images/image4.jpg>
Overfull \hbox (12.01332pt too wide) in paragraph at lines 256--257
[][] 
 []


LaTeX Warning: `h' float specifier changed to `ht'.

LaTeX Font Info:    Try loading font information for T1+aess on input line 265.

(/usr/share/texmf-texlive/tex/latex/ae/t1aess.fd
File: t1aess.fd 1997/11/16 Font definitions for T1/aess.
)
LaTeX Font Info:    Font shape `T1/aess/m/it' in size <9> not available
(Font)              Font shape `T1/aess/m/sl' tried instead on input line 265.
 [5 <./images/image3.jpg> <./images/image4.jpg>]

LaTeX Warning: Citation `carter2007ceramic' on page \thepage  undefined on inpu
t line 319.


LaTeX Warning: Citation `cabrera2001path' on page \thepage  undefined on input 
line 320.


LaTeX Warning: Citation `wyszecki1982color' on page \thepage  undefined on inpu
t line 332.


Overfull \hbox (32.70753pt too wide) detected at line 339
\OML/cmm/m/it/9 S[]\OT1/cmr/m/n/9 (\OML/cmm/m/it/9 x[]; y[]\OT1/cmr/m/n/9 ) = [
]
 []

<images/image5.jpg, id=38, 399.4925pt x 353.32pt>
File: images/image5.jpg Graphic file (type jpg)
 <use images/image5.jpg>

LaTeX Warning: `h' float specifier changed to `ht'.

[6]
Overfull \hbox (4.50839pt too wide) in paragraph at lines 392--392
[]\T1/aer/m/n/9 Recordings| 
 []


Overfull \hbox (2.55443pt too wide) in paragraph at lines 392--392
[]\T1/aer/m/n/9 Frame| 
 []


Overfull \hbox (5.78748pt too wide) in paragraph at lines 392--393
[]\T1/aer/m/n/9 Resolution| 
 []


Overfull \hbox (4.14601pt too wide) in paragraph at lines 399--399
[]\T1/aer/m/n/9 Singing| 
 []


Overfull \hbox (3.43326pt too wide) in paragraph at lines 391--402
 [][] 
 []


Underfull \hbox (badness 10000) in paragraph at lines 416--418

 []


Underfull \hbox (badness 10000) in paragraph at lines 416--418

 []


Underfull \hbox (badness 10000) in paragraph at lines 416--418

 []

[7 <./images/image5.jpg>] <images/image6.jpg, id=47, 843.15pt x 480.79625pt>
File: images/image6.jpg Graphic file (type jpg)

<use images/image6.jpg>

LaTeX Warning: Citation `frakes1992information' on page \thepage  undefined on 
input line 433.


Overfull \hbox (5.75792pt too wide) in paragraph at lines 443--452
 [][] 
 []

<images/image7.jpg, id=48, 402.50375pt x 333.245pt>
File: images/image7.jpg Graphic file (type jpg)
 <use images/image7.jpg>
<images/image8.jpg, id=49, 411.5375pt x 211.79124pt>
File: images/image8.jpg Graphic file (type jpg)
 <use images/image8.jpg>
[8 <./images/image7.jpg>]
Underfull \vbox (badness 10000) has occurred while \output is active []


Underfull \vbox (badness 3780) has occurred while \output is active []

 [9 <./images/image6.jpg> <./images/image8.jpg>]

LaTeX Warning: Citation `economou1983green' on page \thepage  undefined on inpu
t line 500.


LaTeX Warning: Citation `cabrera2001path' on page \thepage  undefined on input 
line 500.


LaTeX Warning: Citation `carter2007ceramic' on page \thepage  undefined on inpu
t line 502.

No file new.bbl.
[10

] (./new.aux)

LaTeX Warning: There were multiply-defined labels.

 ) 
Here is how much of TeX's memory you used:
 2598 strings out of 493848
 30144 string characters out of 1152824
 97070 words of memory out of 3000000
 5816 multiletter control sequences out of 15000+50000
 70287 words of font info for 82 fonts, out of 3000000 for 9000
 714 hyphenation exceptions out of 8191
 39i,10n,26p,1544b,302s stack positions out of 5000i,500n,10000p,200000b,50000s
{/usr/share/texmf-texlive/fonts/enc/dvips/base/8r.enc}</usr/share/texmf-texli
ve/fonts/type1/public/amsfonts/cm/cmbx9.pfb></usr/share/texmf-texlive/fonts/typ
e1/public/amsfonts/cm/cmbxti10.pfb></usr/share/texmf-texlive/fonts/type1/public
/amsfonts/cmextra/cmex9.pfb></usr/share/texmf-texlive/fonts/type1/public/amsfon
ts/cm/cmmi5.pfb></usr/share/texmf-texlive/fonts/type1/public/amsfonts/cm/cmmi6.
pfb></usr/share/texmf-texlive/fonts/type1/public/amsfonts/cm/cmmi9.pfb></usr/sh
are/texmf-texlive/fonts/type1/public/amsfonts/cm/cmmib10.pfb></usr/share/texmf-
texlive/fonts/type1/public/amsfonts/cm/cmr6.pfb></usr/share/texmf-texlive/fonts
/type1/public/amsfonts/cm/cmr9.pfb></usr/share/texmf-texlive/fonts/type1/public
/amsfonts/cm/cmssi9.pfb></usr/share/texmf-texlive/fonts/type1/public/amsfonts/c
m/cmsy6.pfb></usr/share/texmf-texlive/fonts/type1/public/amsfonts/cm/cmsy9.pfb>
</usr/share/texmf-texlive/fonts/type1/public/amsfonts/cm/cmti9.pfb></usr/share/
texmf-texlive/fonts/type1/urw/helvetic/uhvb8a.pfb></usr/share/texmf-texlive/fon
ts/type1/urw/helvetic/uhvr8a.pfb></usr/share/texmf-texlive/fonts/type1/urw/time
s/utmb8a.pfb></usr/share/texmf-texlive/fonts/type1/urw/times/utmr8a.pfb></usr/s
hare/texmf-texlive/fonts/type1/urw/times/utmri8a.pfb>
Output written on new.pdf (10 pages, 602806 bytes).
PDF statistics:
 116 PDF objects out of 1000 (max. 8388607)
 0 named destinations out of 1000 (max. 500000)
 41 words of extra memory for PDF output out of 10000 (max. 10000000)

